<?xml version="1.0" encoding="UTF-8"?>
<testsuite xmlns:xsi="http://www.w3.org/2001/XMLSchema-instance" xsi:schemaLocation="https://maven.apache.org/surefire/maven-surefire-plugin/xsd/surefire-test-report.xsd" name="QuickSortTest" time="0.041" tests="6" errors="0" skipped="0" failures="0">
  <properties>
    <property name="java.runtime.name" value="Java(TM) SE Runtime Environment"/>
    <property name="java.vm.version" value="21.0.1+12-LTS-29"/>
    <property name="sun.boot.library.path" value="C:\Program Files\Java\jdk-21\bin"/>
    <property name="maven.multiModuleProjectDirectory" value="C:\Users\l0rel\Desktop\Стажировка Aston\Homework\Number 1\homework"/>
    <property name="java.vm.vendor" value="Oracle Corporation"/>
    <property name="java.vendor.url" value="https://java.oracle.com/"/>
    <property name="guice.disable.misplaced.annotation.check" value="true"/>
    <property name="path.separator" value=";"/>
    <property name="java.vm.name" value="Java HotSpot(TM) 64-Bit Server VM"/>
    <property name="sun.os.patch.level" value=""/>
    <property name="user.script" value=""/>
    <property name="user.country" value="RU"/>
    <property name="sun.java.launcher" value="SUN_STANDARD"/>
    <property name="java.vm.specification.name" value="Java Virtual Machine Specification"/>
    <property name="user.dir" value="C:\Users\l0rel\Desktop\Стажировка Aston\Homework\Number 1\homework"/>
    <property name="java.vm.compressedOopsMode" value="Zero based"/>
    <property name="java.runtime.version" value="21.0.1+12-LTS-29"/>
    <property name="os.arch" value="amd64"/>
    <property name="java.io.tmpdir" value="C:\Users\l0rel\AppData\Local\Temp\"/>
    <property name="line.separator" value="&#10;"/>
    <property name="java.vm.specification.vendor" value="Oracle Corporation"/>
    <property name="user.variant" value=""/>
    <property name="stderr.encoding" value="cp866"/>
    <property name="os.name" value="Windows 10"/>
    <property name="classworlds.conf" value="C:\Program Files\apache-maven-3.9.6\bin\m2.conf"/>
    <property name="sun.jnu.encoding" value="Cp1251"/>
    <property name="stdout.encoding" value="cp866"/>
    <property name="java.library.path" value="C:\Program Files\Java\jdk-21\bin;C:\Windows\Sun\Java\bin;C:\Windows\system32;C:\Windows;C:\Python312\Scripts\;C:\Python312\;C:\Program Files\NVIDIA GPU Computing Toolkit\CUDA\v11.0\bin;C:\Program Files\NVIDIA GPU Computing Toolkit\CUDA\v11.0\libnvvp;C:\Users\l0rel\gcc\bin;C:\Users\l0rel\gcc\libexec\gcc\x86_64-w64-mingw32\13.2.0;C:\Program Files\NVIDIA Corporation\Nsight Compute 2020.1.1\;C:\Program Files\R\R-4.3.2\bin;C:\Program Files\Git\cmd;C:\Program Files\nodejs\;C:\ProgramData\chocolatey\bin;C:\Program Files\Docker\Docker\resources\bin;C:\Program Files\PostgreSQL\16\bin;C:\Gradle\gradle-8.6\bin;C:\Program Files\Go\bin;C:\Program Files\apache-maven-3.9.6\bin;C:\Users\l0rel\AppData\Local\Programs\Python\Python310\Scripts\;C:\Users\l0rel\AppData\Local\Programs\Python\Python310\;C:\Users\l0rel\AppData\Local\Programs\Python\Python312\Scripts\;C:\Users\l0rel\AppData\Local\Programs\Python\Python312\;C:\Users\l0rel\AppData\Local\Programs\Python\Launcher\;C:\Users\l0rel\AppData\Local\Microsoft\WindowsApps;C:\Program Files\JetBrains\IntelliJ IDEA 2023.3.2\bin;;C:\Users\l0rel\AppData\Local\Programs\Microsoft VS Code\bin;C:\mingw-w64-v11.0.0\bin;C:\Users\l0rel\gcc\bin;C:\Program Files\R\R-4.3.2\bin;C:\Program Files\Java\jdk-21\bin;C:\Users\l0rel\AppData\Roaming\npm;C:\Gradle\gradle-8.6\bin;;C:\Program Files\JetBrains\IntelliJ IDEA Community Edition 2023.3.4\bin;;C:\Users\l0rel\go\bin;."/>
    <property name="maven.conf" value="C:\Program Files\apache-maven-3.9.6/conf"/>
    <property name="jdk.debug" value="release"/>
    <property name="java.class.version" value="65.0"/>
    <property name="java.specification.name" value="Java Platform API Specification"/>
    <property name="sun.management.compiler" value="HotSpot 64-Bit Tiered Compilers"/>
    <property name="os.version" value="10.0"/>
    <property name="library.jansi.path" value="C:\Program Files\apache-maven-3.9.6\lib\jansi-native"/>
    <property name="user.home" value="C:\Users\l0rel"/>
    <property name="user.timezone" value="Europe/Moscow"/>
    <property name="file.encoding" value="UTF-8"/>
    <property name="java.specification.version" value="21"/>
    <property name="user.name" value="l0rel"/>
    <property name="java.class.path" value="C:\Program Files\apache-maven-3.9.6\boot\plexus-classworlds-2.7.0.jar"/>
    <property name="java.vm.specification.version" value="21"/>
    <property name="sun.arch.data.model" value="64"/>
    <property name="sun.java.command" value="org.codehaus.plexus.classworlds.launcher.Launcher clean install"/>
    <property name="java.home" value="C:\Program Files\Java\jdk-21"/>
    <property name="user.language" value="ru"/>
    <property name="java.specification.vendor" value="Oracle Corporation"/>
    <property name="java.vm.info" value="mixed mode, sharing"/>
    <property name="java.version" value="21.0.1"/>
    <property name="native.encoding" value="Cp1251"/>
    <property name="java.vendor" value="Oracle Corporation"/>
    <property name="maven.home" value="C:\Program Files\apache-maven-3.9.6"/>
    <property name="file.separator" value="\"/>
    <property name="java.version.date" value="2023-10-17"/>
    <property name="java.vendor.url.bug" value="https://bugreport.java.com/bugreport/"/>
    <property name="sun.io.unicode.encoding" value="UnicodeLittle"/>
    <property name="sun.cpu.endian" value="little"/>
    <property name="sun.cpu.isalist" value="amd64"/>
  </properties>
  <testcase name="testWithPersonByAge" classname="QuickSortTest" time="0.014"/>
  <testcase name="testWithCharacter" classname="QuickSortTest" time="0"/>
  <testcase name="testWithDouble" classname="QuickSortTest" time="0.001"/>
  <testcase name="testWithString" classname="QuickSortTest" time="0"/>
  <testcase name="testWithPersonByName" classname="QuickSortTest" time="0"/>
  <testcase name="testWithInteger" classname="QuickSortTest" time="0"/>
</testsuite>